<?xml version="1.0" encoding="UTF-8"?>
<testng-results ignored="0" total="2" passed="2" failed="0" skipped="0">
  <reporter-output>
  </reporter-output>
  <suite started-at="2025-03-26T06:40:28 IST" name="Suite" finished-at="2025-03-26T06:41:08 IST" duration-ms="39976">
    <groups>
    </groups>
    <test started-at="2025-03-26T06:40:28 IST" name="Test" finished-at="2025-03-26T06:41:08 IST" duration-ms="39976">
      <class name="RailCTC.PNRStatusCheckTest">
        <test-method signature="PNRStatusCheck(java.lang.String)[pri:0, instance:RailCTC.PNRStatusCheckTest@1a5a4e19]" started-at="2025-03-26T06:40:46 IST" name="PNRStatusCheck" data-provider="getData" finished-at="2025-03-26T06:41:07 IST" duration-ms="20674" status="PASS">
          <params>
            <param index="0">
              <value>
                <![CDATA[4922353728]]>
              </value>
            </param>
          </params>
          <reporter-output>
          </reporter-output>
        </test-method> <!-- PNRStatusCheck -->
        <test-method is-config="true" signature="tearDown()[pri:0, instance:RailCTC.PNRStatusCheckTest@1a5a4e19]" started-at="2025-03-26T06:41:07 IST" name="tearDown" finished-at="2025-03-26T06:41:08 IST" duration-ms="1449" status="PASS">
          <reporter-output>
          </reporter-output>
        </test-method> <!-- tearDown -->
      </class> <!-- RailCTC.PNRStatusCheckTest -->
      <class name="RailCTC.SearchAvaialableTrainsTest">
        <test-method signature="TrainSearch(java.lang.String,java.lang.String,java.lang.String,java.lang.String,java.lang.String,java.lang.String,java.lang.String,java.lang.String)[pri:0, instance:RailCTC.SearchAvaialableTrainsTest@51891008]" started-at="2025-03-26T06:40:28 IST" name="TrainSearch" data-provider="getData" finished-at="2025-03-26T06:40:45 IST" duration-ms="16809" status="PASS">
          <params>
            <param index="0">
              <value>
                <![CDATA[SBC]]>
              </value>
            </param>
            <param index="1">
              <value>
                <![CDATA[KSR BENGALURU - SBC]]>
              </value>
            </param>
            <param index="2">
              <value>
                <![CDATA[GPB]]>
              </value>
            </param>
            <param index="3">
              <value>
                <![CDATA[GHATPRABHA - GPB]]>
              </value>
            </param>
            <param index="4">
              <value>
                <![CDATA[May]]>
              </value>
            </param>
            <param index="5">
              <value>
                <![CDATA[10]]>
              </value>
            </param>
            <param index="6">
              <value>
                <![CDATA[Sleeper (SL)]]>
              </value>
            </param>
            <param index="7">
              <value>
                <![CDATA[LOWER BERTH/SR.CITIZEN]]>
              </value>
            </param>
          </params>
          <reporter-output>
          </reporter-output>
        </test-method> <!-- TrainSearch -->
        <test-method is-config="true" signature="tearDown()[pri:0, instance:RailCTC.SearchAvaialableTrainsTest@51891008]" started-at="2025-03-26T06:40:45 IST" name="tearDown" finished-at="2025-03-26T06:40:46 IST" duration-ms="908" status="PASS">
          <reporter-output>
          </reporter-output>
        </test-method> <!-- tearDown -->
      </class> <!-- RailCTC.SearchAvaialableTrainsTest -->
    </test> <!-- Test -->
  </suite> <!-- Suite -->
</testng-results>
