<?xml version="1.0" encoding="UTF-8"?>
<testng-results ignored="0" total="1" passed="1" failed="0" skipped="0">
  <reporter-output>
  </reporter-output>
  <suite started-at="2025-03-21T18:25:52 IST" name="Default suite" finished-at="2025-03-21T18:26:03 IST" duration-ms="11563">
    <groups>
    </groups>
    <test started-at="2025-03-21T18:25:52 IST" name="Default test" finished-at="2025-03-21T18:26:03 IST" duration-ms="11563">
      <class name="RailCTC.SearchAvaialableTrainsTest">
        <test-method signature="TrainSearch(java.lang.String,java.lang.String,java.lang.String,java.lang.String,java.lang.String,java.lang.String,java.lang.String,java.lang.String)[pri:0, instance:RailCTC.SearchAvaialableTrainsTest@7b2bbc3]" started-at="2025-03-21T18:25:52 IST" name="TrainSearch" data-provider="getData" finished-at="2025-03-21T18:26:03 IST" duration-ms="10983" status="PASS">
          <params>
            <param index="0">
              <value>
                <![CDATA[SBC]]>
              </value>
            </param>
            <param index="1">
              <value>
                <![CDATA[KSR BENGALURU - SBC]]>
              </value>
            </param>
            <param index="2">
              <value>
                <![CDATA[GPB]]>
              </value>
            </param>
            <param index="3">
              <value>
                <![CDATA[GHATPRABHA - GPB]]>
              </value>
            </param>
            <param index="4">
              <value>
                <![CDATA[May]]>
              </value>
            </param>
            <param index="5">
              <value>
                <![CDATA[10]]>
              </value>
            </param>
            <param index="6">
              <value>
                <![CDATA[Sleeper (SL)]]>
              </value>
            </param>
            <param index="7">
              <value>
                <![CDATA[LOWER BERTH/SR.CITIZEN]]>
              </value>
            </param>
          </params>
          <reporter-output>
          </reporter-output>
        </test-method> <!-- TrainSearch -->
        <test-method is-config="true" signature="tearDown()[pri:0, instance:RailCTC.SearchAvaialableTrainsTest@7b2bbc3]" started-at="2025-03-21T18:26:03 IST" name="tearDown" finished-at="2025-03-21T18:26:03 IST" duration-ms="551" status="PASS">
          <reporter-output>
          </reporter-output>
        </test-method> <!-- tearDown -->
      </class> <!-- RailCTC.SearchAvaialableTrainsTest -->
    </test> <!-- Default test -->
  </suite> <!-- Default suite -->
</testng-results>
